[21:07:11] [ServerMain/INFO]: [bootstrap] Running Java 21 (OpenJDK 64-Bit Server VM 21.0.7+6-Ubuntu-0ubuntu124.04; Ubuntu null) on Linux 6.8.0-1027-azure (amd64)
[21:07:11] [ServerMain/INFO]: [bootstrap] Loading Paper 1.21.8-6-main@782ce95 (2025-07-18T20:26:58Z) for Minecraft 1.21.8
[21:07:11] [ServerMain/INFO]: [PluginInitializerManager] Initializing plugins...
[21:07:12] [Paper Plugin Remapper Thread - 2/INFO]: [PluginRemapper] Remapping plugin 'plugins/SkinsRestorer.jar'...
[21:07:14] [Paper Plugin Remapper Thread - 2/INFO]: [PluginRemapper] Done remapping plugin 'plugins/SkinsRestorer.jar' in 2278ms.
[21:07:14] [ServerMain/INFO]: [PluginInitializerManager] Initialized 1 plugin
[21:07:14] [ServerMain/INFO]: [PluginInitializerManager] Bukkit plugins (1):
 - SkinsRestorer (15.7.7)
[21:07:20] [ServerMain/INFO]: Environment: Environment[sessionHost=https://sessionserver.mojang.com, servicesHost=https://api.minecraftservices.com, name=PROD]
[21:07:22] [ServerMain/INFO]: Loaded 1407 recipes
[21:07:22] [ServerMain/INFO]: Loaded 1520 advancements
[21:07:22] [ServerMain/INFO]: [ca.spottedleaf.dataconverter.minecraft.datatypes.MCTypeRegistry] Initialising converters for DataConverter...
[21:07:23] [ServerMain/INFO]: [ca.spottedleaf.dataconverter.minecraft.datatypes.MCTypeRegistry] Finished initialising converters for DataConverter in 543.1ms
[21:07:23] [Server thread/INFO]: Starting minecraft server version 1.21.8
[21:07:23] [Server thread/INFO]: Loading properties
[21:07:23] [Server thread/INFO]: This server is running Paper version 1.21.8-6-main@782ce95 (2025-07-18T20:26:58Z) (Implementing API version 1.21.8-R0.1-SNAPSHOT)
[21:07:23] [Server thread/INFO]: [spark] This server bundles the spark profiler. For more information please visit https://docs.papermc.io/paper/profiling
[21:07:23] [Server thread/INFO]: Server Ping Player Sample Count: 12
[21:07:23] [Server thread/INFO]: Using 4 threads for Netty based IO
[21:07:24] [Server thread/INFO]: [MoonriseCommon] Paper is using 1 worker threads, 1 I/O threads
[21:07:24] [Server thread/INFO]: [ChunkTaskScheduler] Chunk system is using population gen parallelism: true
[21:07:24] [Server thread/INFO]: Default game type: SURVIVAL
[21:07:24] [Server thread/INFO]: Generating keypair
[21:07:24] [Server thread/INFO]: Starting Minecraft server on *:25565
[21:07:24] [Server thread/INFO]: Using epoll channel type
[21:07:24] [Server thread/INFO]: Paper: Using libdeflate (Linux x86_64) compression from Velocity.
[21:07:24] [Server thread/INFO]: Paper: Using OpenSSL 3.x.x (Linux x86_64) cipher from Velocity.
[21:07:24] [Server thread/INFO]: [SkinsRestorer] Loading server plugin SkinsRestorer v15.7.7
[21:07:24] [Server thread/INFO]: Server permissions file permissions.yml is empty, ignoring it
[21:07:24] [Server thread/INFO]: [SkinsRestorer] Enabling SkinsRestorer v15.7.7
[21:07:26] [Server thread/INFO]: [SkinsRestorer] Running on Minecraft 1.21.8.
[21:07:26] [Server thread/INFO]: [SkinsRestorer] Using paper join listener!
[21:07:26] [Server thread/WARN]: **** SERVER IS RUNNING IN OFFLINE/INSECURE MODE!
[21:07:26] [Server thread/WARN]: The server will make no attempt to authenticate usernames. Beware.
[21:07:26] [Server thread/WARN]: While this makes the game possible to play without internet access, it also opens up the ability for hackers to connect with any username they choose.
[21:07:26] [Server thread/WARN]: To change this, set "online-mode" to "true" in the server.properties file.
[21:07:26] [Server thread/INFO]: Preparing level "world"
[21:07:26] [Folia Async Scheduler Thread #2/INFO]: [SkinsRestorer] ----------------------------------------------
[21:07:26] [Folia Async Scheduler Thread #2/INFO]: [SkinsRestorer]     +==================+
[21:07:26] [Folia Async Scheduler Thread #2/INFO]: [SkinsRestorer]     |   SkinsRestorer  |
[21:07:26] [Folia Async Scheduler Thread #2/INFO]: [SkinsRestorer]     |------------------|
[21:07:26] [Folia Async Scheduler Thread #2/INFO]: [SkinsRestorer]     |  Standalone Mode |
[21:07:26] [Folia Async Scheduler Thread #2/INFO]: [SkinsRestorer]     +==================+
[21:07:26] [Folia Async Scheduler Thread #2/INFO]: [SkinsRestorer] ----------------------------------------------
[21:07:26] [Folia Async Scheduler Thread #2/INFO]: [SkinsRestorer]     Version: 15.7.7
[21:07:26] [Folia Async Scheduler Thread #2/INFO]: [SkinsRestorer]     Commit: 7eff058
[21:07:26] [Folia Async Scheduler Thread #2/INFO]: [SkinsRestorer]     This is the latest version!
[21:07:26] [Folia Async Scheduler Thread #2/INFO]: [SkinsRestorer] ----------------------------------------------
[21:07:26] [Folia Async Scheduler Thread #2/INFO]: [SkinsRestorer] Do you have issues? Read our troubleshooting guide: https://skinsrestorer.net/docs/troubleshooting
[21:07:26] [Folia Async Scheduler Thread #2/INFO]: [SkinsRestorer] Want to support SkinsRestorer? Consider donating: https://skinsrestorer.net/donate
[21:07:27] [Server thread/INFO]: Preparing start region for dimension minecraft:overworld
[21:07:27] [Server thread/INFO]: Preparing spawn area: 0%
[21:07:28] [Server thread/INFO]: Preparing spawn area: 4%
[21:07:28] [Server thread/INFO]: Preparing spawn area: 18%
[21:07:28] [Server thread/INFO]: Time elapsed: 1248 ms
[21:07:28] [Server thread/INFO]: Preparing start region for dimension minecraft:the_nether
[21:07:28] [Server thread/INFO]: Preparing spawn area: 0%
[21:07:28] [Server thread/INFO]: Time elapsed: 225 ms
[21:07:28] [Server thread/INFO]: Preparing start region for dimension minecraft:the_end
[21:07:28] [Server thread/INFO]: Preparing spawn area: 0%
[21:07:29] [Server thread/INFO]: Time elapsed: 169 ms
[21:07:29] [Server thread/INFO]: [spark] Starting background profiler...
[21:07:29] [Server thread/INFO]: Done preparing level "world" (2.805s)
[21:07:29] [Server thread/INFO]: Running delayed init tasks
[21:07:29] [Server thread/INFO]: Done (18.639s)! For help, type "help"
[21:13:57] [Server thread/INFO]: Stopping server
[21:13:57] [Server thread/INFO]: [SkinsRestorer] Disabling SkinsRestorer v15.7.7
[21:13:57] [Server thread/INFO]: Saving players
[21:13:57] [Server thread/INFO]: Saving worlds
[21:13:57] [Server thread/INFO]: Saving chunks for level 'ServerLevel[world]'/minecraft:overworld
[21:13:57] [Server thread/INFO]: [ChunkHolderManager] Waiting 60s for chunk system to halt for world 'world'
[21:13:57] [Server thread/INFO]: [ChunkHolderManager] Halted chunk system for world 'world'
[21:13:57] [Server thread/INFO]: [ChunkHolderManager] Saving all chunkholders for world 'world'
[21:13:57] [Server thread/INFO]: [ChunkHolderManager] Saved 1 block chunks, 6 entity chunks, 0 poi chunks in world 'world' in 0.01s
[21:13:57] [Server thread/INFO]: [ChunkHolderManager] Waiting 60s for chunk I/O to halt for world 'world'
[21:13:57] [Server thread/INFO]: [ChunkHolderManager] Halted I/O scheduler for world 'world'
[21:13:57] [Server thread/INFO]: Saving chunks for level 'ServerLevel[world_nether]'/minecraft:the_nether
[21:13:57] [Server thread/INFO]: [ChunkHolderManager] Waiting 60s for chunk system to halt for world 'world_nether'
[21:13:57] [Server thread/INFO]: [ChunkHolderManager] Halted chunk system for world 'world_nether'
[21:13:57] [Server thread/INFO]: [ChunkHolderManager] Saving all chunkholders for world 'world_nether'
[21:13:57] [Server thread/INFO]: [ChunkHolderManager] Saved 4 block chunks, 0 entity chunks, 0 poi chunks in world 'world_nether' in 0.01s
[21:13:57] [Server thread/INFO]: [ChunkHolderManager] Waiting 60s for chunk I/O to halt for world 'world_nether'
[21:13:57] [Server thread/INFO]: [ChunkHolderManager] Halted I/O scheduler for world 'world_nether'
[21:13:57] [Server thread/INFO]: Saving chunks for level 'ServerLevel[world_the_end]'/minecraft:the_end
[21:13:57] [Server thread/INFO]: [ChunkHolderManager] Waiting 60s for chunk system to halt for world 'world_the_end'
[21:13:57] [Server thread/INFO]: [ChunkHolderManager] Halted chunk system for world 'world_the_end'
[21:13:57] [Server thread/INFO]: [ChunkHolderManager] Saving all chunkholders for world 'world_the_end'
[21:13:57] [Server thread/INFO]: [ChunkHolderManager] Saved 0 block chunks, 10 entity chunks, 0 poi chunks in world 'world_the_end' in 0.01s
[21:13:57] [Server thread/INFO]: [ChunkHolderManager] Waiting 60s for chunk I/O to halt for world 'world_the_end'
[21:13:57] [Server thread/INFO]: [ChunkHolderManager] Halted I/O scheduler for world 'world_the_end'
[21:13:57] [Server thread/INFO]: ThreadedAnvilChunkStorage (world): All chunks are saved
[21:13:57] [Server thread/INFO]: ThreadedAnvilChunkStorage (DIM-1): All chunks are saved
[21:13:57] [Server thread/INFO]: ThreadedAnvilChunkStorage (DIM1): All chunks are saved
[21:13:57] [Server thread/INFO]: ThreadedAnvilChunkStorage: All dimensions are saved
[21:13:57] [Server thread/INFO]: Waiting for all RegionFile I/O tasks to complete...
[21:13:57] [Server thread/INFO]: All RegionFile I/O tasks to complete
[21:13:57] [Server thread/INFO]: [MoonriseCommon] Awaiting termination of worker pool for up to 60s...
[21:13:57] [Server thread/INFO]: [MoonriseCommon] Awaiting termination of I/O pool for up to 60s...
